<?xml version="1.0" encoding="UTF-8"?>
<!-- Generated by org.testng.reporters.JUnitReportReporter -->
<testsuite hostname="LAPTOP-G2OC2H1F" failures="0" tests="5" name="com.wbl.restassured.RestAssuredPractice.RestAssuredExampleGet" time="1.947" errors="0" timestamp="13 Feb 2019 16:14:03 GMT" skipped="4">
  <testcase classname="com.wbl.restassured.RestAssuredPractice.RestAssuredExampleGet" name="extractValue" time="1.947"/>
  <testcase classname="com.wbl.restassured.RestAssuredPractice.RestAssuredExampleGet" name="statusCodeValidation">
    <skipped/>
  </testcase> <!-- statusCodeValidation -->
  <testcase classname="com.wbl.restassured.RestAssuredPractice.RestAssuredExampleGet" name="headerCheckContent">
    <skipped/>
  </testcase> <!-- headerCheckContent -->
  <testcase classname="com.wbl.restassured.RestAssuredPractice.RestAssuredExampleGet" name="headerCheck">
    <skipped/>
  </testcase> <!-- headerCheck -->
  <testcase classname="com.wbl.restassured.RestAssuredPractice.RestAssuredExampleGet" name="testidCheck">
    <skipped/>
  </testcase> <!-- testidCheck -->
</testsuite> <!-- com.wbl.restassured.RestAssuredPractice.RestAssuredExampleGet -->
