<?xml version="1.0" encoding="UTF-8"?>
<!-- Generated by org.testng.reporters.JUnitReportReporter -->
<testsuite hostname="LAPTOP-G2OC2H1F" failures="0" tests="1" name="com.wbl.practice.WebdriverSelenium.DataDrivenTest" time="29.929" errors="0" timestamp="14 Feb 2019 17:53:11 GMT" skipped="0">
  <testcase classname="com.wbl.practice.WebdriverSelenium.DataDrivenTest" name="validateLogin" time="29.929"/>
</testsuite> <!-- com.wbl.practice.WebdriverSelenium.DataDrivenTest -->
