<?xml version="1.0" encoding="UTF-8"?>
<!-- Generated by org.testng.reporters.JUnitReportReporter -->
<testsuite hostname="LAPTOP-G2OC2H1F" failures="0" tests="4" name="com.wbl.practice.WebdriverSelenium.SelectDropDown" time="1.609" errors="0" timestamp="08 Feb 2019 18:01:58 GMT" skipped="0">
  <testcase classname="com.wbl.practice.WebdriverSelenium.SelectDropDown" name="radio" time="0.258"/>
  <testcase classname="com.wbl.practice.WebdriverSelenium.SelectDropDown" name="sendKee" time="0.209"/>
  <testcase classname="com.wbl.practice.WebdriverSelenium.SelectDropDown" name="button" time="0.332"/>
  <testcase classname="com.wbl.practice.WebdriverSelenium.SelectDropDown" name="dropDown" time="0.810"/>
</testsuite> <!-- com.wbl.practice.WebdriverSelenium.SelectDropDown -->
