<?xml version="1.0" encoding="UTF-8"?>
<!-- Generated by org.testng.reporters.JUnitReportReporter -->
<testsuite hostname="LAPTOP-G2OC2H1F" failures="0" tests="1" name="com.wbl.practice.WebdriverSelenium.MouseHover" time="11.532" errors="0" timestamp="14 Feb 2019 15:51:15 GMT" skipped="0">
  <testcase classname="com.wbl.practice.WebdriverSelenium.MouseHover" name="mouseOver" time="11.532"/>
</testsuite> <!-- com.wbl.practice.WebdriverSelenium.MouseHover -->
