<?xml version="1.0" encoding="UTF-8"?>
<!-- Generated by org.testng.reporters.JUnitReportReporter -->
<testsuite hostname="LAPTOP-G2OC2H1F" failures="0" tests="1" name="com.selenium.pagetest.DataDrivenTest" time="25.043" errors="0" timestamp="14 Feb 2019 17:58:53 GMT" skipped="0">
  <testcase classname="com.selenium.pagetest.DataDrivenTest" name="validateLogin" time="25.043"/>
</testsuite> <!-- com.selenium.pagetest.DataDrivenTest -->
