<?xml version="1.0" encoding="UTF-8"?>
<!-- Generated by org.testng.reporters.JUnitReportReporter -->
<testsuite hostname="LAPTOP-G2OC2H1F" failures="0" tests="1" name="com.wbl.Crossbrowser.CrossbrowserTesting.CrossbrowserWalmartTest" time="22.154" errors="0" timestamp="27 Feb 2019 16:31:12 GMT" skipped="0">
  <testcase classname="com.wbl.Crossbrowser.CrossbrowserTesting.CrossbrowserWalmartTest" name="validatePage" time="22.154"/>
</testsuite> <!-- com.wbl.Crossbrowser.CrossbrowserTesting.CrossbrowserWalmartTest -->
